<?xml version="1.0" encoding="utf-8" standalone="no"?>
<test-run id="2" testcasecount="18" result="Passed" total="18" passed="17" failed="0" inconclusive="0" skipped="1" asserts="3" engine-version="3.8.0.0" clr-version="4.0.30319.42000" start-time="2018-03-15 12:03:23Z" end-time="2018-03-15 12:03:26Z" duration="2.584560">
  <command-line><![CDATA[C:\code\opensource\Ghoul\tools\NUnit.ConsoleRunner.3.8.0\tools\nunit3-console.exe /result:buildreports/nunit-result.xml /agents:7 C:\code\opensource\Ghoul\src\Ghoul.Tests\bin\Debug\Ghoul.Tests.dll]]></command-line>
  <test-suite type="Assembly" id="0-1027" name="Ghoul.Tests.dll" fullname="C:\code\opensource\Ghoul\src\Ghoul.Tests\bin\Debug\Ghoul.Tests.dll" runstate="Runnable" testcasecount="18" result="Passed" start-time="2018-03-15 12:03:24Z" end-time="2018-03-15 12:03:26Z" duration="1.544715" total="18" passed="17" failed="0" warnings="0" inconclusive="0" skipped="1" asserts="3">
    <environment framework-version="3.9.0.0" clr-version="4.0.30319.42000" os-version="Microsoft Windows NT 10.0.17115.0" platform="Win32NT" cwd="C:\code\opensource\Ghoul" machine-name="CODEO-LT-24" user="davyd.mcColl" user-domain="CLYRAL" culture="en-US" uiculture="en-US" os-architecture="x64" />
    <settings>
      <setting name="DisposeRunners" value="True" />
      <setting name="WorkDirectory" value="C:\code\opensource\Ghoul" />
      <setting name="MaxAgents" value="7" />
      <setting name="ImageRuntimeVersion" value="4.0.30319" />
      <setting name="ImageTargetFrameworkName" value=".NETFramework,Version=v4.6.1" />
      <setting name="ImageRequiresX86" value="False" />
      <setting name="ImageRequiresDefaultAppDomainAssemblyResolver" value="False" />
      <setting name="NumberOfTestWorkers" value="8" />
    </settings>
    <properties>
      <property name="_PID" value="26464" />
      <property name="_APPDOMAIN" value="domain-" />
    </properties>
    <test-suite type="TestSuite" id="0-1028" name="Ghoul" fullname="Ghoul" runstate="Runnable" testcasecount="18" result="Passed" start-time="2018-03-15 12:03:24Z" end-time="2018-03-15 12:03:26Z" duration="1.504513" total="18" passed="17" failed="0" warnings="0" inconclusive="0" skipped="1" asserts="3">
      <test-suite type="TestSuite" id="0-1029" name="Tests" fullname="Ghoul.Tests" runstate="Runnable" testcasecount="18" result="Passed" start-time="2018-03-15 12:03:24Z" end-time="2018-03-15 12:03:26Z" duration="1.503290" total="18" passed="17" failed="0" warnings="0" inconclusive="0" skipped="1" asserts="3">
        <test-suite type="TestSuite" id="0-1031" name="AppLogic" fullname="Ghoul.Tests.AppLogic" runstate="Runnable" testcasecount="3" result="Passed" start-time="2018-03-15 12:03:24Z" end-time="2018-03-15 12:03:25Z" duration="1.197744" total="3" passed="3" failed="0" warnings="0" inconclusive="0" skipped="0" asserts="3">
          <test-suite type="TestFixture" id="0-1012" name="TestLayoutConfigurationItem" fullname="Ghoul.Tests.AppLogic.TestLayoutConfigurationItem" classname="Ghoul.Tests.AppLogic.TestLayoutConfigurationItem" runstate="Runnable" testcasecount="0" result="Passed" start-time="2018-03-15 12:03:24Z" end-time="2018-03-15 12:03:24Z" duration="0.002402" total="0" passed="0" failed="0" warnings="0" inconclusive="0" skipped="0" asserts="0" />
          <test-suite type="TestFixture" id="0-1022" name="TestLayoutConfigurationItem+Construction" fullname="Ghoul.Tests.AppLogic.TestLayoutConfigurationItem+Construction" classname="Ghoul.Tests.AppLogic.TestLayoutConfigurationItem+Construction" runstate="Runnable" testcasecount="3" result="Passed" start-time="2018-03-15 12:03:24Z" end-time="2018-03-15 12:03:25Z" duration="1.177382" total="3" passed="3" failed="0" warnings="0" inconclusive="0" skipped="0" asserts="3">
            <test-suite type="ParameterizedMethod" id="0-1026" name="ShouldSet_" fullname="Ghoul.Tests.AppLogic.TestLayoutConfigurationItem+Construction.ShouldSet_" classname="Ghoul.Tests.AppLogic.TestLayoutConfigurationItem+Construction" runstate="Runnable" testcasecount="3" result="Passed" start-time="2018-03-15 12:03:24Z" end-time="2018-03-15 12:03:25Z" duration="1.164835" total="3" passed="3" failed="0" warnings="0" inconclusive="0" skipped="0" asserts="3">
              <test-case id="0-1023" name="ShouldSet_(&quot;ProcessPath&quot;,&quot;Process.MainModule.FileName&quot;)" fullname="Ghoul.Tests.AppLogic.TestLayoutConfigurationItem+Construction.ShouldSet_(&quot;ProcessPath&quot;,&quot;Process.MainModule.FileName&quot;)" methodname="ShouldSet_" classname="Ghoul.Tests.AppLogic.TestLayoutConfigurationItem+Construction" runstate="Runnable" seed="1762210195" result="Passed" start-time="2018-03-15 12:03:24Z" end-time="2018-03-15 12:03:25Z" duration="0.832927" asserts="1" />
              <test-case id="0-1024" name="ShouldSet_(&quot;WindowTitle&quot;,&quot;WindowTitle&quot;)" fullname="Ghoul.Tests.AppLogic.TestLayoutConfigurationItem+Construction.ShouldSet_(&quot;WindowTitle&quot;,&quot;WindowTitle&quot;)" methodname="ShouldSet_" classname="Ghoul.Tests.AppLogic.TestLayoutConfigurationItem+Construction" runstate="Runnable" seed="514281364" result="Passed" start-time="2018-03-15 12:03:25Z" end-time="2018-03-15 12:03:25Z" duration="0.070450" asserts="1" />
              <test-case id="0-1025" name="ShouldSet_(&quot;Position&quot;,&quot;Position&quot;)" fullname="Ghoul.Tests.AppLogic.TestLayoutConfigurationItem+Construction.ShouldSet_(&quot;Position&quot;,&quot;Position&quot;)" methodname="ShouldSet_" classname="Ghoul.Tests.AppLogic.TestLayoutConfigurationItem+Construction" runstate="Runnable" seed="389736943" result="Passed" start-time="2018-03-15 12:03:25Z" end-time="2018-03-15 12:03:25Z" duration="0.252068" asserts="1" />
            </test-suite>
          </test-suite>
        </test-suite>
        <test-suite type="TestFixture" id="0-1000" name="DiscoveryTests" fullname="Ghoul.Tests.DiscoveryTests" classname="Ghoul.Tests.DiscoveryTests" runstate="Runnable" testcasecount="1" result="Passed" start-time="2018-03-15 12:03:25Z" end-time="2018-03-15 12:03:25Z" duration="0.001430" total="1" passed="0" failed="0" warnings="0" inconclusive="0" skipped="1" asserts="0">
          <test-case id="0-1001" name="FindSlack" fullname="Ghoul.Tests.DiscoveryTests.FindSlack" methodname="FindSlack" classname="Ghoul.Tests.DiscoveryTests" runstate="Explicit" seed="716190428" result="Skipped" label="Explicit" start-time="2018-03-15 12:03:25Z" end-time="2018-03-15 12:03:25Z" duration="0.001233" asserts="0" />
        </test-suite>
        <test-suite type="TestSuite" id="0-1030" name="Native" fullname="Ghoul.Tests.Native" runstate="Runnable" testcasecount="7" result="Passed" start-time="2018-03-15 12:03:24Z" end-time="2018-03-15 12:03:26Z" duration="1.256149" total="7" passed="7" failed="0" warnings="0" inconclusive="0" skipped="0" asserts="0">
          <test-suite type="TestFixture" id="0-1002" name="TestWindowPosition" fullname="Ghoul.Tests.Native.TestWindowPosition" classname="Ghoul.Tests.Native.TestWindowPosition" runstate="Runnable" testcasecount="7" result="Passed" start-time="2018-03-15 12:03:25Z" end-time="2018-03-15 12:03:26Z" duration="0.056968" total="7" passed="7" failed="0" warnings="0" inconclusive="0" skipped="0" asserts="0">
            <test-suite type="ParameterizedMethod" id="0-1011" name="ShouldAllowPartialRehydration" fullname="Ghoul.Tests.Native.TestWindowPosition.ShouldAllowPartialRehydration" classname="Ghoul.Tests.Native.TestWindowPosition" runstate="Runnable" testcasecount="3" result="Passed" start-time="2018-03-15 12:03:25Z" end-time="2018-03-15 12:03:25Z" duration="0.007141" total="3" passed="3" failed="0" warnings="0" inconclusive="0" skipped="0" asserts="0">
              <test-case id="0-1008" name="ShouldAllowPartialRehydration((Top: 9, System.Func`2[Ghoul.Native.WindowPosition,System.Boolean]))" fullname="Ghoul.Tests.Native.TestWindowPosition.ShouldAllowPartialRehydration((Top: 9, System.Func`2[Ghoul.Native.WindowPosition,System.Boolean]))" methodname="ShouldAllowPartialRehydration" classname="Ghoul.Tests.Native.TestWindowPosition" runstate="Runnable" seed="1781965480" result="Passed" start-time="2018-03-15 12:03:25Z" end-time="2018-03-15 12:03:25Z" duration="0.006530" asserts="0" />
              <test-case id="0-1009" name="ShouldAllowPartialRehydration((width:9, System.Func`2[Ghoul.Native.WindowPosition,System.Boolean]))" fullname="Ghoul.Tests.Native.TestWindowPosition.ShouldAllowPartialRehydration((width:9, System.Func`2[Ghoul.Native.WindowPosition,System.Boolean]))" methodname="ShouldAllowPartialRehydration" classname="Ghoul.Tests.Native.TestWindowPosition" runstate="Runnable" seed="555913532" result="Passed" start-time="2018-03-15 12:03:25Z" end-time="2018-03-15 12:03:25Z" duration="0.000263" asserts="0" />
              <test-case id="0-1010" name="ShouldAllowPartialRehydration((lEFt:&#x9;9, foo: 10, width: 9, System.Func`2[Ghoul.Native.WindowPosition,System.Boolean]))" fullname="Ghoul.Tests.Native.TestWindowPosition.ShouldAllowPartialRehydration((lEFt:&#x9;9, foo: 10, width: 9, System.Func`2[Ghoul.Native.WindowPosition,System.Boolean]))" methodname="ShouldAllowPartialRehydration" classname="Ghoul.Tests.Native.TestWindowPosition" runstate="Runnable" seed="749772618" result="Passed" start-time="2018-03-15 12:03:25Z" end-time="2018-03-15 12:03:25Z" duration="0.000228" asserts="0" />
            </test-suite>
            <test-case id="0-1003" name="ShouldBeAbleToRehydrateFromResultOfToString" fullname="Ghoul.Tests.Native.TestWindowPosition.ShouldBeAbleToRehydrateFromResultOfToString" methodname="ShouldBeAbleToRehydrateFromResultOfToString" classname="Ghoul.Tests.Native.TestWindowPosition" runstate="Runnable" seed="4165290" result="Passed" start-time="2018-03-15 12:03:25Z" end-time="2018-03-15 12:03:26Z" duration="0.045296" asserts="0" />
            <test-suite type="ParameterizedMethod" id="0-1007" name="ShouldThrowWhenInvalidDehydratedSource_" fullname="Ghoul.Tests.Native.TestWindowPosition.ShouldThrowWhenInvalidDehydratedSource_" classname="Ghoul.Tests.Native.TestWindowPosition" runstate="Runnable" testcasecount="3" result="Passed" start-time="2018-03-15 12:03:26Z" end-time="2018-03-15 12:03:26Z" duration="0.004353" total="3" passed="3" failed="0" warnings="0" inconclusive="0" skipped="0" asserts="0">
              <test-case id="0-1004" name="ShouldThrowWhenInvalidDehydratedSource_(&quot;&quot;)" fullname="Ghoul.Tests.Native.TestWindowPosition.ShouldThrowWhenInvalidDehydratedSource_(&quot;&quot;)" methodname="ShouldThrowWhenInvalidDehydratedSource_" classname="Ghoul.Tests.Native.TestWindowPosition" runstate="Runnable" seed="1899161249" result="Passed" start-time="2018-03-15 12:03:26Z" end-time="2018-03-15 12:03:26Z" duration="0.003945" asserts="0" />
              <test-case id="0-1005" name="ShouldThrowWhenInvalidDehydratedSource_(&quot;\t&quot;)" fullname="Ghoul.Tests.Native.TestWindowPosition.ShouldThrowWhenInvalidDehydratedSource_(&quot;\t&quot;)" methodname="ShouldThrowWhenInvalidDehydratedSource_" classname="Ghoul.Tests.Native.TestWindowPosition" runstate="Runnable" seed="31423216" result="Passed" start-time="2018-03-15 12:03:26Z" end-time="2018-03-15 12:03:26Z" duration="0.000202" asserts="0" />
              <test-case id="0-1006" name="ShouldThrowWhenInvalidDehydratedSource_(&quot;moo:cow&quot;)" fullname="Ghoul.Tests.Native.TestWindowPosition.ShouldThrowWhenInvalidDehydratedSource_(&quot;moo:cow&quot;)" methodname="ShouldThrowWhenInvalidDehydratedSource_" classname="Ghoul.Tests.Native.TestWindowPosition" runstate="Runnable" seed="1574952766" result="Passed" start-time="2018-03-15 12:03:26Z" end-time="2018-03-15 12:03:26Z" duration="0.000132" asserts="0" />
            </test-suite>
          </test-suite>
        </test-suite>
        <test-suite type="TestSuite" id="0-1032" name="Utils" fullname="Ghoul.Tests.Utils" runstate="Runnable" testcasecount="7" result="Passed" start-time="2018-03-15 12:03:24Z" end-time="2018-03-15 12:03:26Z" duration="1.503180" total="7" passed="7" failed="0" warnings="0" inconclusive="0" skipped="0" asserts="0">
          <test-suite type="TestFixture" id="0-1013" name="TestBootstrapper" fullname="Ghoul.Tests.Utils.TestBootstrapper" classname="Ghoul.Tests.Utils.TestBootstrapper" runstate="Runnable" testcasecount="7" result="Passed" start-time="2018-03-15 12:03:26Z" end-time="2018-03-15 12:03:26Z" duration="0.247067" total="7" passed="7" failed="0" warnings="0" inconclusive="0" skipped="0" asserts="0">
            <test-suite type="ParameterizedMethod" id="0-1021" name="ShouldBeAbleToResolve_" fullname="Ghoul.Tests.Utils.TestBootstrapper.ShouldBeAbleToResolve_" classname="Ghoul.Tests.Utils.TestBootstrapper" runstate="Runnable" testcasecount="7" result="Passed" start-time="2018-03-15 12:03:26Z" end-time="2018-03-15 12:03:26Z" duration="0.246910" total="7" passed="7" failed="0" warnings="0" inconclusive="0" skipped="0" asserts="0">
              <test-case id="0-1014" name="ShouldBeAbleToResolve_(Ghoul.AppLogic.ISectionNameHelper,Ghoul.AppLogic.SectionNameHelper)" fullname="Ghoul.Tests.Utils.TestBootstrapper.ShouldBeAbleToResolve_(Ghoul.AppLogic.ISectionNameHelper,Ghoul.AppLogic.SectionNameHelper)" methodname="ShouldBeAbleToResolve_" classname="Ghoul.Tests.Utils.TestBootstrapper" runstate="Runnable" seed="1016021408" result="Passed" start-time="2018-03-15 12:03:26Z" end-time="2018-03-15 12:03:26Z" duration="0.178076" asserts="0" />
              <test-case id="0-1015" name="ShouldBeAbleToResolve_(Ghoul.AppLogic.ILayoutRestorer,Ghoul.AppLogic.LayoutRestorer)" fullname="Ghoul.Tests.Utils.TestBootstrapper.ShouldBeAbleToResolve_(Ghoul.AppLogic.ILayoutRestorer,Ghoul.AppLogic.LayoutRestorer)" methodname="ShouldBeAbleToResolve_" classname="Ghoul.Tests.Utils.TestBootstrapper" runstate="Runnable" seed="723099323" result="Passed" start-time="2018-03-15 12:03:26Z" end-time="2018-03-15 12:03:26Z" duration="0.028373" asserts="0" />
              <test-case id="0-1016" name="ShouldBeAbleToResolve_(Ghoul.AppLogic.ILayoutSaver,Ghoul.AppLogic.LayoutSaver)" fullname="Ghoul.Tests.Utils.TestBootstrapper.ShouldBeAbleToResolve_(Ghoul.AppLogic.ILayoutSaver,Ghoul.AppLogic.LayoutSaver)" methodname="ShouldBeAbleToResolve_" classname="Ghoul.Tests.Utils.TestBootstrapper" runstate="Runnable" seed="771132170" result="Passed" start-time="2018-03-15 12:03:26Z" end-time="2018-03-15 12:03:26Z" duration="0.004296" asserts="0" />
              <test-case id="0-1017" name="ShouldBeAbleToResolve_(Ghoul.AppLogic.IApplicationRestarter,Ghoul.AppLogic.ApplicationRestarter)" fullname="Ghoul.Tests.Utils.TestBootstrapper.ShouldBeAbleToResolve_(Ghoul.AppLogic.IApplicationRestarter,Ghoul.AppLogic.ApplicationRestarter)" methodname="ShouldBeAbleToResolve_" classname="Ghoul.Tests.Utils.TestBootstrapper" runstate="Runnable" seed="1705671720" result="Passed" start-time="2018-03-15 12:03:26Z" end-time="2018-03-15 12:03:26Z" duration="0.007698" asserts="0" />
              <test-case id="0-1018" name="ShouldBeAbleToResolve_(Ghoul.AppLogic.ILayoutRestorer,Ghoul.AppLogic.LayoutRestorer)" fullname="Ghoul.Tests.Utils.TestBootstrapper.ShouldBeAbleToResolve_(Ghoul.AppLogic.ILayoutRestorer,Ghoul.AppLogic.LayoutRestorer)" methodname="ShouldBeAbleToResolve_" classname="Ghoul.Tests.Utils.TestBootstrapper" runstate="Runnable" seed="1591115154" result="Passed" start-time="2018-03-15 12:03:26Z" end-time="2018-03-15 12:03:26Z" duration="0.004573" asserts="0" />
              <test-case id="0-1019" name="ShouldBeAbleToResolve_(PeanutButter.INIFile.IINIFile,PeanutButter.INIFile.INIFile)" fullname="Ghoul.Tests.Utils.TestBootstrapper.ShouldBeAbleToResolve_(PeanutButter.INIFile.IINIFile,PeanutButter.INIFile.INIFile)" methodname="ShouldBeAbleToResolve_" classname="Ghoul.Tests.Utils.TestBootstrapper" runstate="Runnable" seed="315607446" result="Passed" start-time="2018-03-15 12:03:26Z" end-time="2018-03-15 12:03:26Z" duration="0.005930" asserts="0" />
              <test-case id="0-1020" name="ShouldBeAbleToResolve_(PeanutButter.TrayIcon.ITrayIcon,PeanutButter.TrayIcon.TrayIcon)" fullname="Ghoul.Tests.Utils.TestBootstrapper.ShouldBeAbleToResolve_(PeanutButter.TrayIcon.ITrayIcon,PeanutButter.TrayIcon.TrayIcon)" methodname="ShouldBeAbleToResolve_" classname="Ghoul.Tests.Utils.TestBootstrapper" runstate="Runnable" seed="1182494719" result="Passed" start-time="2018-03-15 12:03:26Z" end-time="2018-03-15 12:03:26Z" duration="0.017703" asserts="0" />
            </test-suite>
          </test-suite>
        </test-suite>
      </test-suite>
    </test-suite>
  </test-suite>
</test-run>